e000: 0xa2
e002: 0x9a
e003: 0xa2
e005: 0xa0
e007: 0x20
(stack) push 0x8
(stack) push 0xe0
e035: 0x86
e037: 0x84
e039: 0xa0
e03b: 0xb1
lda e049 ( y = 0)
e03d: 0xc8
e03e: 0xc9
e040: 0xf0
e042: 0x20
e045: 0x4c
JMP $e03b
e03b: 0xb1
lda e04a ( y = 1)
e03d: 0xc8
e03e: 0xc9
e040: 0xf0
e042: 0x20
e045: 0x4c
JMP $e03b
e03b: 0xb1
lda e04b ( y = 2)
e03d: 0xc8
e03e: 0xc9
e040: 0xf0
e042: 0x20
e045: 0x4c
JMP $e03b
e03b: 0xb1
lda e04c ( y = 3)
e03d: 0xc8
e03e: 0xc9
e040: 0xf0
e042: 0x20
e045: 0x4c
JMP $e03b
e03b: 0xb1
lda e04d ( y = 4)
e03d: 0xc8
e03e: 0xc9
e040: 0xf0
e042: 0x20
e045: 0x4c
JMP $e03b
e03b: 0xb1
lda e04e ( y = 5)
e03d: 0xc8
e03e: 0xc9
e040: 0xf0
e042: 0x20
e045: 0x4c
JMP $e03b
e03b: 0xb1
lda e04f ( y = 6)
e03d: 0xc8
e03e: 0xc9
e040: 0xf0
e042: 0x20
e045: 0x4c
JMP $e03b
e03b: 0xb1
lda e050 ( y = 7)
e03d: 0xc8
e03e: 0xc9
e040: 0xf0
e042: 0x20
e045: 0x4c
JMP $e03b
e03b: 0xb1
lda e051 ( y = 8)
e03d: 0xc8
e03e: 0xc9
e040: 0xf0
e042: 0x20
e045: 0x4c
JMP $e03b
e03b: 0xb1
lda e052 ( y = 9)
e03d: 0xc8
e03e: 0xc9
e040: 0xf0
e042: 0x20
e045: 0x4c
JMP $e03b
e03b: 0xb1
lda e053 ( y = 10)
e03d: 0xc8
e03e: 0xc9
e040: 0xf0
e042: 0x20
e045: 0x4c
JMP $e03b
e03b: 0xb1
lda e054 ( y = 11)
e03d: 0xc8
e03e: 0xc9
e040: 0xf0
e042: 0x20
e045: 0x4c
JMP $e03b
e03b: 0xb1
lda e055 ( y = 12)
e03d: 0xc8
e03e: 0xc9
e040: 0xf0
e042: 0x20
e045: 0x4c
JMP $e03b
e03b: 0xb1
lda e056 ( y = 13)
e03d: 0xc8
e03e: 0xc9
e040: 0xf0
e042: 0x20
e045: 0x4c
JMP $e03b
e03b: 0xb1
lda e057 ( y = 14)
e03d: 0xc8
e03e: 0xc9
e040: 0xf0
e042: 0x20
e045: 0x4c
JMP $e03b
e03b: 0xb1
lda e058 ( y = 15)
e03d: 0xc8
e03e: 0xc9
e040: 0xf0
e042: 0x20
e045: 0x4c
JMP $e03b
e03b: 0xb1
lda e059 ( y = 16)
e03d: 0xc8
e03e: 0xc9
e040: 0xf0
e042: 0x20
e045: 0x4c
JMP $e03b
e03b: 0xb1
lda e05a ( y = 17)
e03d: 0xc8
e03e: 0xc9
e040: 0xf0
e042: 0x20
e045: 0x4c
JMP $e03b
e03b: 0xb1
lda e05b ( y = 18)
e03d: 0xc8
e03e: 0xc9
e040: 0xf0
e042: 0x20
e045: 0x4c
JMP $e03b
e03b: 0xb1
lda e05c ( y = 19)
e03d: 0xc8
e03e: 0xc9
e040: 0xf0
e042: 0x20
e045: 0x4c
JMP $e03b
e03b: 0xb1
lda e05d ( y = 20)
e03d: 0xc8
e03e: 0xc9
e040: 0xf0
e042: 0x20
e045: 0x4c
JMP $e03b
e03b: 0xb1
lda e05e ( y = 21)
e03d: 0xc8
e03e: 0xc9
e040: 0xf0
e042: 0x20
e045: 0x4c
JMP $e03b
e03b: 0xb1
lda e05f ( y = 22)
e03d: 0xc8
e03e: 0xc9
e040: 0xf0
e042: 0x20
e045: 0x4c
JMP $e03b
e03b: 0xb1
lda e060 ( y = 23)
e03d: 0xc8
e03e: 0xc9
e040: 0xf0
e042: 0x20
e045: 0x4c
JMP $e03b
e03b: 0xb1
lda e061 ( y = 24)
e03d: 0xc8
e03e: 0xc9
e040: 0xf0
e042: 0x20
e045: 0x4c
JMP $e03b
e03b: 0xb1
lda e062 ( y = 25)
e03d: 0xc8
e03e: 0xc9
e040: 0xf0
e042: 0x20
e045: 0x4c
JMP $e03b
e03b: 0xb1
lda e063 ( y = 26)
e03d: 0xc8
e03e: 0xc9
e040: 0xf0
e042: 0x20
e045: 0x4c
JMP $e03b
e03b: 0xb1
lda e064 ( y = 27)
e03d: 0xc8
e03e: 0xc9
e040: 0xf0
e042: 0x20
e045: 0x4c
JMP $e03b
e03b: 0xb1
lda e065 ( y = 28)
e03d: 0xc8
e03e: 0xc9
e040: 0xf0
e042: 0x20
e045: 0x4c
JMP $e03b
e03b: 0xb1
lda e066 ( y = 29)
e03d: 0xc8
e03e: 0xc9
e040: 0xf0
e042: 0x20
e045: 0x4c
JMP $e03b
e03b: 0xb1
lda e067 ( y = 30)
e03d: 0xc8
e03e: 0xc9
e040: 0xf0
e042: 0x20
e045: 0x4c
JMP $e03b
e03b: 0xb1
lda e068 ( y = 31)
e03d: 0xc8
e03e: 0xc9
e040: 0xf0
e042: 0x20
e045: 0x4c
JMP $e03b
e03b: 0xb1
lda e069 ( y = 32)
e03d: 0xc8
e03e: 0xc9
e040: 0xf0
e042: 0x20
e045: 0x4c
JMP $e03b
e03b: 0xb1
lda e06a ( y = 33)
e03d: 0xc8
e03e: 0xc9
e040: 0xf0
e042: 0x20
e045: 0x4c
JMP $e03b
e03b: 0xb1
lda e06b ( y = 34)
e03d: 0xc8
e03e: 0xc9
e040: 0xf0
e042: 0x20
e045: 0x4c
JMP $e03b
e03b: 0xb1
lda e06c ( y = 35)
e03d: 0xc8
e03e: 0xc9
e040: 0xf0
e042: 0x20
e045: 0x4c
JMP $e03b
e03b: 0xb1
lda e06d ( y = 36)
e03d: 0xc8
e03e: 0xc9
e040: 0xf0
e042: 0x20
e045: 0x4c
JMP $e03b
e03b: 0xb1
lda e06e ( y = 37)
e03d: 0xc8
e03e: 0xc9
e040: 0xf0
e042: 0x20
e045: 0x4c
JMP $e03b
e03b: 0xb1
lda e06f ( y = 38)
e03d: 0xc8
e03e: 0xc9
e040: 0xf0
e042: 0x20
e045: 0x4c
JMP $e03b
e03b: 0xb1
lda e070 ( y = 39)
e03d: 0xc8
e03e: 0xc9
e040: 0xf0
e042: 0x20
e045: 0x4c
JMP $e03b
e03b: 0xb1
lda e071 ( y = 40)
e03d: 0xc8
e03e: 0xc9
e040: 0xf0
e042: 0x20
e045: 0x4c
JMP $e03b
e03b: 0xb1
lda e072 ( y = 41)
e03d: 0xc8
e03e: 0xc9
e040: 0xf0
e042: 0x20
e045: 0x4c
JMP $e03b
e03b: 0xb1
lda e073 ( y = 42)
e03d: 0xc8
e03e: 0xc9
e040: 0xf0
e042: 0x20
e045: 0x4c
JMP $e03b
e03b: 0xb1
lda e074 ( y = 43)
e03d: 0xc8
e03e: 0xc9
e040: 0xf0
e042: 0x20
e045: 0x4c
JMP $e03b
e03b: 0xb1
lda e075 ( y = 44)
e03d: 0xc8
e03e: 0xc9
e040: 0xf0
e042: 0x20
e045: 0x4c
JMP $e03b
e03b: 0xb1
lda e076 ( y = 45)
e03d: 0xc8
e03e: 0xc9
e040: 0xf0
e042: 0x20
e045: 0x4c
JMP $e03b
e03b: 0xb1
lda e077 ( y = 46)
e03d: 0xc8
e03e: 0xc9
e040: 0xf0
e042: 0x20
e045: 0x4c
JMP $e03b
e03b: 0xb1
lda e078 ( y = 47)
e03d: 0xc8
e03e: 0xc9
e040: 0xf0
e042: 0x20
e045: 0x4c
JMP $e03b
e03b: 0xb1
lda e079 ( y = 48)
e03d: 0xc8
e03e: 0xc9
e040: 0xf0
e042: 0x20
e045: 0x4c
JMP $e03b
e03b: 0xb1
lda e07a ( y = 49)
e03d: 0xc8
e03e: 0xc9
e040: 0xf0
e042: 0x20
e045: 0x4c
JMP $e03b
e03b: 0xb1
lda e07b ( y = 50)
e03d: 0xc8
e03e: 0xc9
e040: 0xf0
e042: 0x20
e045: 0x4c
JMP $e03b
e03b: 0xb1
lda e07c ( y = 51)
e03d: 0xc8
e03e: 0xc9
e040: 0xf0
e042: 0x20
e045: 0x4c
JMP $e03b
e03b: 0xb1
lda e07d ( y = 52)
e03d: 0xc8
e03e: 0xc9
e040: 0xf0
e042: 0x20
e045: 0x4c
JMP $e03b
e03b: 0xb1
lda e07e ( y = 53)
e03d: 0xc8
e03e: 0xc9
e040: 0xf0
e042: 0x20
e045: 0x4c
JMP $e03b
e03b: 0xb1
lda e07f ( y = 54)
e03d: 0xc8
e03e: 0xc9
e040: 0xf0
e042: 0x20
e045: 0x4c
JMP $e03b
e03b: 0xb1
lda e080 ( y = 55)
e03d: 0xc8
e03e: 0xc9
e040: 0xf0
e042: 0x20
e045: 0x4c
JMP $e03b
e03b: 0xb1
lda e081 ( y = 56)
e03d: 0xc8
e03e: 0xc9
e040: 0xf0
e042: 0x20
e045: 0x4c
JMP $e03b
e03b: 0xb1
lda e082 ( y = 57)
e03d: 0xc8
e03e: 0xc9
e040: 0xf0
e042: 0x20
e045: 0x4c
JMP $e03b
e03b: 0xb1
lda e083 ( y = 58)
e03d: 0xc8
e03e: 0xc9
e040: 0xf0
e042: 0x20
e045: 0x4c
JMP $e03b
e03b: 0xb1
lda e084 ( y = 59)
e03d: 0xc8
e03e: 0xc9
e040: 0xf0
e042: 0x20
e045: 0x4c
JMP $e03b
e03b: 0xb1
lda e085 ( y = 60)
e03d: 0xc8
e03e: 0xc9
e040: 0xf0
e042: 0x20
e045: 0x4c
JMP $e03b
e03b: 0xb1
lda e086 ( y = 61)
e03d: 0xc8
e03e: 0xc9
e040: 0xf0
e042: 0x20
e045: 0x4c
JMP $e03b
e03b: 0xb1
lda e087 ( y = 62)
e03d: 0xc8
e03e: 0xc9
e040: 0xf0
e042: 0x20
e045: 0x4c
JMP $e03b
e03b: 0xb1
lda e088 ( y = 63)
e03d: 0xc8
e03e: 0xc9
e040: 0xf0
e042: 0x20
e045: 0x4c
JMP $e03b
e03b: 0xb1
lda e089 ( y = 64)
e03d: 0xc8
e03e: 0xc9
e040: 0xf0
e042: 0x20
e045: 0x4c
JMP $e03b
e03b: 0xb1
lda e08a ( y = 65)
e03d: 0xc8
e03e: 0xc9
e040: 0xf0
e042: 0x20
e045: 0x4c
JMP $e03b
e03b: 0xb1
lda e08b ( y = 66)
e03d: 0xc8
e03e: 0xc9
e040: 0xf0
e042: 0x20
e045: 0x4c
JMP $e03b
e03b: 0xb1
lda e08c ( y = 67)
e03d: 0xc8
e03e: 0xc9
e040: 0xf0
e042: 0x20
e045: 0x4c
JMP $e03b
e03b: 0xb1
lda e08d ( y = 68)
e03d: 0xc8
e03e: 0xc9
e040: 0xf0
e042: 0x20
e045: 0x4c
JMP $e03b
e03b: 0xb1
lda e08e ( y = 69)
e03d: 0xc8
e03e: 0xc9
e040: 0xf0
e042: 0x20
e045: 0x4c
JMP $e03b
e03b: 0xb1
lda e08f ( y = 70)
e03d: 0xc8
e03e: 0xc9
e040: 0xf0
e042: 0x20
e045: 0x4c
JMP $e03b
e03b: 0xb1
lda e090 ( y = 71)
e03d: 0xc8
e03e: 0xc9
e040: 0xf0
e042: 0x20
e045: 0x4c
JMP $e03b
e03b: 0xb1
lda e091 ( y = 72)
e03d: 0xc8
e03e: 0xc9
e040: 0xf0
e042: 0x20
e045: 0x4c
JMP $e03b
e03b: 0xb1
lda e092 ( y = 73)
e03d: 0xc8
e03e: 0xc9
e040: 0xf0
e042: 0x20
e045: 0x4c
JMP $e03b
e03b: 0xb1
lda e093 ( y = 74)
e03d: 0xc8
e03e: 0xc9
e040: 0xf0
e042: 0x20
e045: 0x4c
JMP $e03b
e03b: 0xb1
lda e094 ( y = 75)
e03d: 0xc8
e03e: 0xc9
e040: 0xf0
e042: 0x20
e045: 0x4c
JMP $e03b
e03b: 0xb1
lda e095 ( y = 76)
e03d: 0xc8
e03e: 0xc9
e040: 0xf0
e042: 0x20
e045: 0x4c
JMP $e03b
e03b: 0xb1
lda e096 ( y = 77)
e03d: 0xc8
e03e: 0xc9
e040: 0xf0
e042: 0x20
e045: 0x4c
JMP $e03b
e03b: 0xb1
lda e097 ( y = 78)
e03d: 0xc8
e03e: 0xc9
e040: 0xf0
e042: 0x20
e045: 0x4c
JMP $e03b
e03b: 0xb1
lda e098 ( y = 79)
e03d: 0xc8
e03e: 0xc9
e040: 0xf0
e042: 0x20
e045: 0x4c
JMP $e03b
e03b: 0xb1
lda e099 ( y = 80)
e03d: 0xc8
e03e: 0xc9
e040: 0xf0
e048: 0x60
RTS
e00a: 0xa2
e00c: 0xa0
e00e: 0x20
(stack) push 0xf
(stack) push 0xe0
e035: 0x86
e037: 0x84
e039: 0xa0
e03b: 0xb1
lda e09a ( y = 0)
e03d: 0xc8
e03e: 0xc9
e040: 0xf0
e042: 0x20
e045: 0x4c
JMP $e03b
e03b: 0xb1
lda e09b ( y = 1)
e03d: 0xc8
e03e: 0xc9
e040: 0xf0
e042: 0x20
e045: 0x4c
JMP $e03b
e03b: 0xb1
lda e09c ( y = 2)
e03d: 0xc8
e03e: 0xc9
e040: 0xf0
e042: 0x20
e045: 0x4c
JMP $e03b
e03b: 0xb1
lda e09d ( y = 3)
e03d: 0xc8
e03e: 0xc9
e040: 0xf0
e042: 0x20
e045: 0x4c
JMP $e03b
e03b: 0xb1
lda e09e ( y = 4)
e03d: 0xc8
e03e: 0xc9
e040: 0xf0
e042: 0x20
e045: 0x4c
JMP $e03b
e03b: 0xb1
lda e09f ( y = 5)
e03d: 0xc8
e03e: 0xc9
e040: 0xf0
e042: 0x20
e045: 0x4c
JMP $e03b
e03b: 0xb1
lda e0a0 ( y = 6)
e03d: 0xc8
e03e: 0xc9
e040: 0xf0
e042: 0x20
e045: 0x4c
JMP $e03b
e03b: 0xb1
lda e0a1 ( y = 7)
e03d: 0xc8
e03e: 0xc9
e040: 0xf0
e042: 0x20
e045: 0x4c
JMP $e03b
e03b: 0xb1
lda e0a2 ( y = 8)
e03d: 0xc8
e03e: 0xc9
e040: 0xf0
e042: 0x20
e045: 0x4c
JMP $e03b
e03b: 0xb1
lda e0a3 ( y = 9)
e03d: 0xc8
e03e: 0xc9
e040: 0xf0
e042: 0x20
e045: 0x4c
JMP $e03b
e03b: 0xb1
lda e0a4 ( y = 10)
e03d: 0xc8
e03e: 0xc9
e040: 0xf0
e042: 0x20
e045: 0x4c
JMP $e03b
e03b: 0xb1
lda e0a5 ( y = 11)
e03d: 0xc8
e03e: 0xc9
e040: 0xf0
e042: 0x20
e045: 0x4c
JMP $e03b
e03b: 0xb1
lda e0a6 ( y = 12)
e03d: 0xc8
e03e: 0xc9
e040: 0xf0
e042: 0x20
e045: 0x4c
JMP $e03b
e03b: 0xb1
lda e0a7 ( y = 13)
e03d: 0xc8
e03e: 0xc9
e040: 0xf0
e042: 0x20
e045: 0x4c
JMP $e03b
e03b: 0xb1
lda e0a8 ( y = 14)
e03d: 0xc8
e03e: 0xc9
e040: 0xf0
e048: 0x60
RTS
e011: 0x20
(stack) push 0x12
(stack) push 0xe0
e01b: 0x20
e01e: 0xc9
e020: 0xf0
e022: 0x20
e025: 0x4c
JMP $e01b
e01b: 0x20
e01e: 0xc9
e020: 0xf0
e022: 0x20
e025: 0x4c
JMP $e01b
e01b: 0x20
e01e: 0xc9
e020: 0xf0
e022: 0x20
e025: 0x4c
JMP $e01b
e01b: 0x20
e01e: 0xc9
e020: 0xf0
e022: 0x20
e025: 0x4c
JMP $e01b
e01b: 0x20
e01e: 0xc9
e020: 0xf0
e022: 0x20
e025: 0x4c
JMP $e01b
e01b: 0x20
e01e: 0xc9
e020: 0xf0
e022: 0x20
e025: 0x4c
JMP $e01b
e01b: 0x20
e01e: 0xc9
e020: 0xf0
e022: 0x20
e025: 0x4c
JMP $e01b
e01b: 0x20
e01e: 0xc9
e020: 0xf0
e022: 0x20
e025: 0x4c
JMP $e01b
e01b: 0x20
e01e: 0xc9
e020: 0xf0
e022: 0x20
e025: 0x4c
JMP $e01b
e01b: 0x20
e01e: 0xc9
e020: 0xf0
e022: 0x20
e025: 0x4c
JMP $e01b
e01b: 0x20
e01e: 0xc9
e020: 0xf0
e022: 0x20
e025: 0x4c
JMP $e01b
e01b: 0x20
e01e: 0xc9
e020: 0xf0
e022: 0x20
e025: 0x4c
JMP $e01b
e01b: 0x20
e01e: 0xc9
e020: 0xf0
e022: 0x20
e025: 0x4c
JMP $e01b
e01b: 0x20
e01e: 0xc9
e020: 0xf0
e028: 0x60
RTS
e014: 0x20
(stack) push 0x15
(stack) push 0xe0
e029: 0x38
e02a: 0x20
e02d: 0xa0
e02f: 0xe8
e030: 0x18
e031: 0x20
e034: 0x60
RTS
e017: 0x4c
JMP $e011
e011: 0x20
(stack) push 0x12
(stack) push 0xe0
e01b: 0x20
e01e: 0xc9
e020: 0xf0
e022: 0x20
e025: 0x4c
JMP $e01b
e01b: 0x20
e01e: 0xc9
e020: 0xf0
e022: 0x20
e025: 0x4c
JMP $e01b
e01b: 0x20
e01e: 0xc9
e020: 0xf0
e022: 0x20
e025: 0x4c
JMP $e01b
e01b: 0x20
e01e: 0xc9
e020: 0xf0
e022: 0x20
e025: 0x4c
JMP $e01b
e01b: 0x20
e01e: 0xc9
e020: 0xf0
e022: 0x20
e025: 0x4c
JMP $e01b
e01b: 0x20
e01e: 0xc9
e020: 0xf0
e028: 0x60
RTS
e014: 0x20
(stack) push 0x15
(stack) push 0xe0
e029: 0x38
e02a: 0x20
e02d: 0xa0
e02f: 0xe8
e030: 0x18
e031: 0x20
e034: 0x60
RTS
e017: 0x4c
JMP $e011
e011: 0x20
(stack) push 0x12
(stack) push 0xe0
e01b: 0x20
e01e: 0xc9
e020: 0xf0
e028: 0x60
RTS
e014: 0x20
(stack) push 0x15
(stack) push 0xe0
e029: 0x38
e02a: 0x20
e02d: 0xa0
e02f: 0xe8
e030: 0x18
e031: 0x20
e034: 0x60
RTS
e017: 0x4c
JMP $e011
e011: 0x20
(stack) push 0x12
(stack) push 0xe0
e01b: 0x20
e01e: 0xc9
e020: 0xf0
e022: 0x20
e025: 0x4c
JMP $e01b
e01b: 0x20
e01e: 0xc9
e020: 0xf0
e022: 0x20
e025: 0x4c
JMP $e01b
e01b: 0x20
e01e: 0xc9
e020: 0xf0
e022: 0x20
e025: 0x4c
JMP $e01b
e01b: 0x20
e01e: 0xc9
e020: 0xf0
e022: 0x20
e025: 0x4c
JMP $e01b
e01b: 0x20
e01e: 0xc9
e020: 0xf0
e022: 0x20
e025: 0x4c
JMP $e01b
e01b: 0x20
e01e: 0xc9
e020: 0xf0
e022: 0x20
e025: 0x4c
JMP $e01b
e01b: 0x20
e01e: 0xc9
e020: 0xf0
e022: 0x20
e025: 0x4c
JMP $e01b
e01b: 0x20
e01e: 0xc9
e020: 0xf0
e028: 0x60
RTS
e014: 0x20
(stack) push 0x15
(stack) push 0xe0
e029: 0x38
e02a: 0x20
e02d: 0xa0
e02f: 0xe8
e030: 0x18
e031: 0x20
e034: 0x60
RTS
e017: 0x4c
JMP $e011
e011: 0x20
(stack) push 0x12
(stack) push 0xe0
e01b: 0x20
e01e: 0xc9
e020: 0xf0
e028: 0x60
RTS
e014: 0x20
(stack) push 0x15
(stack) push 0xe0
e029: 0x38
e02a: 0x20
e02d: 0xa0
e02f: 0xe8
e030: 0x18
e031: 0x20
e034: 0x60
RTS
e017: 0x4c
JMP $e011
e011: 0x20
(stack) push 0x12
(stack) push 0xe0
e01b: 0x20
e01e: 0xc9
e020: 0xf0
e022: 0x20
e025: 0x4c
JMP $e01b
e01b: 0x20
e01e: 0xc9
e020: 0xf0
e022: 0x20
e025: 0x4c
JMP $e01b
e01b: 0x20
e01e: 0xc9
e020: 0xf0
e022: 0x20
e025: 0x4c
JMP $e01b
e01b: 0x20
e01e: 0xc9
e020: 0xf0
e022: 0x20
e025: 0x4c
JMP $e01b
e01b: 0x20
e01e: 0xc9
e020: 0xf0
e022: 0x20
e025: 0x4c
JMP $e01b
e01b: 0x20
e01e: 0xc9
e020: 0xf0
e022: 0x20
e025: 0x4c
JMP $e01b
e01b: 0x20
e01e: 0xc9
e020: 0xf0
e022: 0x20
e025: 0x4c
JMP $e01b
e01b: 0x20
e01e: 0xc9
e020: 0xf0
e022: 0x20
e025: 0x4c
JMP $e01b
e01b: 0x20
e01e: 0xc9
e020: 0xf0
e022: 0x20
e025: 0x4c
JMP $e01b
e01b: 0x20
e01e: 0xc9
e020: 0xf0
e022: 0x20
e025: 0x4c
JMP $e01b
e01b: 0x20
e01e: 0xc9
e020: 0xf0
e022: 0x20
e025: 0x4c
JMP $e01b
e01b: 0x20
e01e: 0xc9
e020: 0xf0
e022: 0x20
e025: 0x4c
JMP $e01b
e01b: 0x20
e01e: 0xc9
e020: 0xf0
e028: 0x60
RTS
e014: 0x20
(stack) push 0x15
(stack) push 0xe0
e029: 0x38
e02a: 0x20
e02d: 0xa0
e02f: 0xe8
e030: 0x18
e031: 0x20
e034: 0x60
RTS
e017: 0x4c
JMP $e011
e011: 0x20
(stack) push 0x12
(stack) push 0xe0
e01b: 0x20
e01e: 0xc9
e020: 0xf0
e022: 0x20
e025: 0x4c
JMP $e01b
e01b: 0x20
e01e: 0xc9
e020: 0xf0
e022: 0x20
e025: 0x4c
JMP $e01b
e01b: 0x20
e01e: 0xc9
e020: 0xf0
e022: 0x20
e025: 0x4c
JMP $e01b
e01b: 0x20
e01e: 0xc9
e020: 0xf0
e022: 0x20
e025: 0x4c
JMP $e01b
e01b: 0x20
e01e: 0xc9
e020: 0xf0
e028: 0x60
RTS
e014: 0x20
(stack) push 0x15
(stack) push 0xe0
e029: 0x38
e02a: 0x20
e02d: 0xa0
e02f: 0xe8
e030: 0x18
e031: 0x20
e034: 0x60
RTS
e017: 0x4c
JMP $e011
e011: 0x20
(stack) push 0x12
(stack) push 0xe0
e01b: 0x20
e01e: 0xc9
e020: 0xf0
e028: 0x60
RTS
e014: 0x20
(stack) push 0x15
(stack) push 0xe0
e029: 0x38
e02a: 0x20
e02d: 0xa0
e02f: 0xe8
e030: 0x18
e031: 0x20
e034: 0x60
RTS
e017: 0x4c
JMP $e011
e011: 0x20
(stack) push 0x12
(stack) push 0xe0
e01b: 0x20
e01e: 0xc9
e020: 0xf0
e022: 0x20
e025: 0x4c
JMP $e01b
e01b: 0x20
e01e: 0xc9
e020: 0xf0
e022: 0x20
e025: 0x4c
JMP $e01b
e01b: 0x20
e01e: 0xc9
e020: 0xf0
e022: 0x20
e025: 0x4c
JMP $e01b
e01b: 0x20
e01e: 0xc9
e020: 0xf0
e022: 0x20
e025: 0x4c
JMP $e01b
e01b: 0x20
e01e: 0xc9
e020: 0xf0
e022: 0x20
e025: 0x4c
JMP $e01b
e01b: 0x20
e01e: 0xc9
e020: 0xf0
e022: 0x20
e025: 0x4c
JMP $e01b
e01b: 0x20
e01e: 0xc9
e020: 0xf0
e028: 0x60
RTS
e014: 0x20
(stack) push 0x15
(stack) push 0xe0
e029: 0x38
e02a: 0x20
e02d: 0xa0
e02f: 0xe8
e030: 0x18
e031: 0x20
e034: 0x60
RTS
e017: 0x4c
JMP $e011
e011: 0x20
(stack) push 0x12
(stack) push 0xe0
e01b: 0x20
e01e: 0xc9
e020: 0xf0
e028: 0x60
RTS
e014: 0x20
(stack) push 0x15
(stack) push 0xe0
e029: 0x38
e02a: 0x20
e02d: 0xa0
e02f: 0xe8
e030: 0x18
e031: 0x20
e034: 0x60
RTS
e017: 0x4c
JMP $e011
e011: 0x20
(stack) push 0x12
(stack) push 0xe0
e01b: 0x20
e01e: 0xc9
e020: 0xf0
e028: 0x60
RTS
e014: 0x20
(stack) push 0x15
(stack) push 0xe0
e029: 0x38
e02a: 0x20
e02d: 0xa0
e02f: 0xe8
e030: 0x18
e031: 0x20
e034: 0x60
RTS
e017: 0x4c
JMP $e011
e011: 0x20
(stack) push 0x12
(stack) push 0xe0
e01b: 0x20
e01e: 0xc9
e020: 0xf0
e028: 0x60
RTS
e014: 0x20
(stack) push 0x15
(stack) push 0xe0
e029: 0x38
e02a: 0x20
e02d: 0xa0
e02f: 0xe8
e030: 0x18
e031: 0x20
e034: 0x60
RTS
e017: 0x4c
JMP $e011
e011: 0x20
(stack) push 0x12
(stack) push 0xe0
e01b: 0x20
e01e: 0xc9
e020: 0xf0
e022: 0x20
e025: 0x4c
JMP $e01b
e01b: 0x20
e01e: 0xc9
e020: 0xf0
e022: 0x20
e025: 0x4c
JMP $e01b
e01b: 0x20
e01e: 0xc9
e020: 0xf0
e022: 0x20
e025: 0x4c
JMP $e01b
e01b: 0x20
e01e: 0xc9
e020: 0xf0
e022: 0x20
e025: 0x4c
JMP $e01b
e01b: 0x20
e01e: 0xc9
e020: 0xf0
e022: 0x20
e025: 0x4c
JMP $e01b
e01b: 0x20
e01e: 0xc9
e020: 0xf0
e028: 0x60
RTS
e014: 0x20
(stack) push 0x15
(stack) push 0xe0
e029: 0x38
e02a: 0x20
e02d: 0xa0
e02f: 0xe8
e030: 0x18
e031: 0x20
e034: 0x60
RTS
e017: 0x4c
JMP $e011
e011: 0x20
(stack) push 0x12
(stack) push 0xe0
e01b: 0x20
e01e: 0xc9
e020: 0xf0
e022: 0x20
e025: 0x4c
JMP $e01b
e01b: 0x20
e01e: 0xc9
e020: 0xf0
e022: 0x20
e025: 0x4c
JMP $e01b
e01b: 0x20
e01e: 0xc9
e020: 0xf0
e022: 0x20
e025: 0x4c
JMP $e01b
e01b: 0x20
e01e: 0xc9
e020: 0xf0
e022: 0x20
e025: 0x4c
JMP $e01b
e01b: 0x20
e01e: 0xc9
e020: 0xf0
e028: 0x60
RTS
e014: 0x20
(stack) push 0x15
(stack) push 0xe0
e029: 0x38
e02a: 0x20
e02d: 0xa0
e02f: 0xe8
e030: 0x18
e031: 0x20
e034: 0x60
RTS
e017: 0x4c
JMP $e011
e011: 0x20
(stack) push 0x12
(stack) push 0xe0
e01b: 0x20
e01e: 0xc9
e020: 0xf0
e028: 0x60
RTS
e014: 0x20
(stack) push 0x15
(stack) push 0xe0
e029: 0x38
e02a: 0x20
e02d: 0xa0
e02f: 0xe8
e030: 0x18
e031: 0x20
e034: 0x60
RTS
e017: 0x4c
JMP $e011
e011: 0x20
(stack) push 0x12
(stack) push 0xe0
e01b: 0x20
e01e: 0xc9
e020: 0xf0
e022: 0x20
e025: 0x4c
JMP $e01b
e01b: 0x20
e01e: 0xc9
e020: 0xf0
e022: 0x20
e025: 0x4c
JMP $e01b
e01b: 0x20
e01e: 0xc9
e020: 0xf0
e022: 0x20
e025: 0x4c
JMP $e01b
e01b: 0x20
e01e: 0xc9
e020: 0xf0
e022: 0x20
e025: 0x4c
JMP $e01b
e01b: 0x20
e01e: 0xc9
e020: 0xf0
e028: 0x60
RTS
e014: 0x20
(stack) push 0x15
(stack) push 0xe0
e029: 0x38
e02a: 0x20
e02d: 0xa0
e02f: 0xe8
e030: 0x18
e031: 0x20
e034: 0x60
RTS
e017: 0x4c
JMP $e011
e011: 0x20
(stack) push 0x12
(stack) push 0xe0
e01b: 0x20
e01e: 0xc9
e020: 0xf0
e028: 0x60
RTS
e014: 0x20
(stack) push 0x15
(stack) push 0xe0
e029: 0x38
e02a: 0x20
e02d: 0xa0
e02f: 0xe8
e030: 0x18
e031: 0x20
